Using pre-set license
Built from '2020.3/staging' branch; Version is '2020.3.3f1 (76626098c1c4) revision 7758432'; Using compiler version '192528614'; Build Type 'Release'
OS: 'Windows 10 Home; OS build 19043.1348; Version 2009; 64bit' Language: 'sv' Physical Memory: 16343 MB
BatchMode: 1, IsHumanControllingUs: 0, StartBugReporterOnCrash: 0, Is64bit: 1, IsPro: 0

 COMMAND LINE ARGUMENTS:
C:\Program Files\Unity\Hub\Editor\2020.3.3f1\Editor\Unity.exe
-adb2
-batchMode
-noUpm
-name
AssetImportWorker0
-projectPath
C:/Users/vikto/Downloads/BoatAttack-master/chess shooting/BattleChess
-logFile
Logs/AssetImportWorker0.log
-srvPort
65098
Successfully changed project path to: C:/Users/vikto/Downloads/BoatAttack-master/chess shooting/BattleChess
C:/Users/vikto/Downloads/BoatAttack-master/chess shooting/BattleChess
Using Asset Import Pipeline V2.
Refreshing native plugins compatible for Editor in 69.00 ms, found 0 plugins.
Preloading 0 native plugins for Editor in 0.00 ms.
Initialize engine version: 2020.3.3f1 (76626098c1c4)
[Subsystems] Discovering subsystems at path C:/Program Files/Unity/Hub/Editor/2020.3.3f1/Editor/Data/Resources/UnitySubsystems
[Subsystems] Discovering subsystems at path C:/Users/vikto/Downloads/BoatAttack-master/chess shooting/BattleChess/Assets
GfxDevice: creating device client; threaded=0
Direct3D:
    Version:  Direct3D 11.0 [level 11.1]
    Renderer: NVIDIA GeForce GTX 1080 (ID=0x1b80)
    Vendor:   
    VRAM:     8079 MB
    Driver:   27.21.14.5671
Shader 'Universal Render Pipeline/Particles/Lit': fallback shader 'Universal Render Pipeline/Particles/SimpleLit' not found
Initialize mono
Mono path[0] = 'C:/Program Files/Unity/Hub/Editor/2020.3.3f1/Editor/Data/Managed'
Mono path[1] = 'C:/Program Files/Unity/Hub/Editor/2020.3.3f1/Editor/Data/MonoBleedingEdge/lib/mono/unityjit'
Mono config path = 'C:/Program Files/Unity/Hub/Editor/2020.3.3f1/Editor/Data/MonoBleedingEdge/etc'
Using monoOptions --debugger-agent=transport=dt_socket,embedding=1,server=y,suspend=n,address=127.0.0.1:56704
Begin MonoManager ReloadAssembly
Registering precompiled unity dll's ...
Register platform support module: C:/Program Files/Unity/Hub/Editor/2020.3.3f1/Editor/Data/PlaybackEngines/WebGLSupport/UnityEditor.WebGL.Extensions.dll
Register platform support module: C:/Program Files/Unity/Hub/Editor/2020.3.3f1/Editor/Data/PlaybackEngines/WindowsStandaloneSupport/UnityEditor.WindowsStandalone.Extensions.dll
Registered in 0.003679 seconds.
Native extension for WindowsStandalone target not found
Native extension for WebGL target not found
Refreshing native plugins compatible for Editor in 129.31 ms, found 0 plugins.
Preloading 0 native plugins for Editor in 0.00 ms.
Invoked RoslynAnalysisRunner static constructor.
RoslynAnalysisRunner will not be running.
RoslynAnalysisRunner has terminated.
Mono: successfully reloaded assembly
- Completed reload, in  3.664 seconds
Platform modules already initialized, skipping
Registering precompiled user dll's ...
Registered in 0.002318 seconds.
Begin MonoManager ReloadAssembly
Native extension for WindowsStandalone target not found
Native extension for WebGL target not found
Refreshing native plugins compatible for Editor in 72.03 ms, found 0 plugins.
Preloading 0 native plugins for Editor in 0.00 ms.
Invoked RoslynAnalysisRunner static constructor.
RoslynAnalysisRunner will not be running.
RoslynAnalysisRunner has terminated.
Mono: successfully reloaded assembly
- Completed reload, in  2.152 seconds
Platform modules already initialized, skipping
========================================================================
Worker process is ready to serve import requests
Shader 'Universal Render Pipeline/Particles/Lit': fallback shader 'Universal Render Pipeline/Particles/SimpleLit' not found
Launched and connected shader compiler UnityShaderCompiler.exe after 0.12 seconds
Refreshing native plugins compatible for Editor in 0.45 ms, found 0 plugins.
Preloading 0 native plugins for Editor in 0.00 ms.
Unloading 2602 Unused Serialized files (Serialized files now loaded: 0)
System memory in use before: 123.4 MB.
System memory in use after: 123.6 MB.

Unloading 12 unused Assets to reduce memory usage. Loaded Objects now: 3049.
Total: 3.433500 ms (FindLiveObjects: 0.717200 ms CreateObjectMapping: 0.314200 ms MarkObjects: 2.279000 ms  DeleteObjects: 0.121000 ms)

========================================================================
Received Import Request.
  path: Assets/Scripts/Chessboard.cs
  artifactKey: Guid(dfb9dd374096e0843bc5c00f29930b9d) Importer(815301076,1909f56bfc062723c751e8b465ee728b)
Start importing Assets/Scripts/Chessboard.cs using Guid(dfb9dd374096e0843bc5c00f29930b9d) Importer(815301076,1909f56bfc062723c751e8b465ee728b)  -> (artifact id: 'bbe00e2338565467ef164edd4eccfc87') in 0.044841 seconds
  Import took 0.050301 seconds .

========================================================================
Received Import Request.
  Time since last request: 89.886091 seconds.
  path: Assets/Scripts/Chessboard.cs
  artifactKey: Guid(dfb9dd374096e0843bc5c00f29930b9d) Importer(815301076,1909f56bfc062723c751e8b465ee728b)
Start importing Assets/Scripts/Chessboard.cs using Guid(dfb9dd374096e0843bc5c00f29930b9d) Importer(815301076,1909f56bfc062723c751e8b465ee728b)  -> (artifact id: '7a7a16fdbf5740ac1f736adf3c492ac4') in 0.005823 seconds
  Import took 0.013460 seconds .

========================================================================
Received Prepare
Registering precompiled user dll's ...
Registered in 0.004122 seconds.
Begin MonoManager ReloadAssembly
Native extension for WindowsStandalone target not found
Native extension for WebGL target not found
Refreshing native plugins compatible for Editor in 0.58 ms, found 0 plugins.
Preloading 0 native plugins for Editor in 0.00 ms.
Invoked RoslynAnalysisRunner static constructor.
RoslynAnalysisRunner will not be running.
RoslynAnalysisRunner has terminated.
Mono: successfully reloaded assembly
- Completed reload, in  0.939 seconds
Platform modules already initialized, skipping
Shader 'Universal Render Pipeline/Particles/Lit': fallback shader 'Universal Render Pipeline/Particles/SimpleLit' not found
Refreshing native plugins compatible for Editor in 0.39 ms, found 0 plugins.
Preloading 0 native plugins for Editor in 0.00 ms.
Unloading 2477 Unused Serialized files (Serialized files now loaded: 0)
System memory in use before: 115.1 MB.
System memory in use after: 115.3 MB.

Unloading 7 unused Assets to reduce memory usage. Loaded Objects now: 3052.
Total: 2.362500 ms (FindLiveObjects: 0.398300 ms CreateObjectMapping: 0.185000 ms MarkObjects: 1.707900 ms  DeleteObjects: 0.070200 ms)

========================================================================
Received Prepare
Registering precompiled user dll's ...
Registered in 0.001931 seconds.
Begin MonoManager ReloadAssembly
Native extension for WindowsStandalone target not found
Native extension for WebGL target not found
Refreshing native plugins compatible for Editor in 0.44 ms, found 0 plugins.
Preloading 0 native plugins for Editor in 0.00 ms.
Invoked RoslynAnalysisRunner static constructor.
RoslynAnalysisRunner will not be running.
RoslynAnalysisRunner has terminated.
Mono: successfully reloaded assembly
- Completed reload, in  0.937 seconds
Platform modules already initialized, skipping
Shader 'Universal Render Pipeline/Particles/Lit': fallback shader 'Universal Render Pipeline/Particles/SimpleLit' not found
Refreshing native plugins compatible for Editor in 0.40 ms, found 0 plugins.
Preloading 0 native plugins for Editor in 0.00 ms.
Unloading 2477 Unused Serialized files (Serialized files now loaded: 0)
System memory in use before: 115.2 MB.
System memory in use after: 115.4 MB.

Unloading 7 unused Assets to reduce memory usage. Loaded Objects now: 3055.
Total: 2.257600 ms (FindLiveObjects: 0.293000 ms CreateObjectMapping: 0.125300 ms MarkObjects: 1.763600 ms  DeleteObjects: 0.074500 ms)

========================================================================
Received Prepare
Registering precompiled user dll's ...
Registered in 0.002111 seconds.
Begin MonoManager ReloadAssembly
Native extension for WindowsStandalone target not found
Native extension for WebGL target not found
Refreshing native plugins compatible for Editor in 0.38 ms, found 0 plugins.
Preloading 0 native plugins for Editor in 0.00 ms.
Invoked RoslynAnalysisRunner static constructor.
RoslynAnalysisRunner will not be running.
RoslynAnalysisRunner has terminated.
Mono: successfully reloaded assembly
- Completed reload, in  0.984 seconds
Platform modules already initialized, skipping
Shader 'Universal Render Pipeline/Particles/Lit': fallback shader 'Universal Render Pipeline/Particles/SimpleLit' not found
Refreshing native plugins compatible for Editor in 0.40 ms, found 0 plugins.
Preloading 0 native plugins for Editor in 0.00 ms.
Unloading 2477 Unused Serialized files (Serialized files now loaded: 0)
System memory in use before: 115.2 MB.
System memory in use after: 115.4 MB.

Unloading 7 unused Assets to reduce memory usage. Loaded Objects now: 3058.
Total: 3.065900 ms (FindLiveObjects: 0.520700 ms CreateObjectMapping: 0.205200 ms MarkObjects: 2.273200 ms  DeleteObjects: 0.065500 ms)

========================================================================
Received Prepare
Registering precompiled user dll's ...
Registered in 0.001422 seconds.
Begin MonoManager ReloadAssembly
Native extension for WindowsStandalone target not found
Native extension for WebGL target not found
Refreshing native plugins compatible for Editor in 0.61 ms, found 0 plugins.
Preloading 0 native plugins for Editor in 0.00 ms.
Invoked RoslynAnalysisRunner static constructor.
RoslynAnalysisRunner will not be running.
RoslynAnalysisRunner has terminated.
Mono: successfully reloaded assembly
- Completed reload, in  0.875 seconds
Platform modules already initialized, skipping
Shader 'Universal Render Pipeline/Particles/Lit': fallback shader 'Universal Render Pipeline/Particles/SimpleLit' not found
Refreshing native plugins compatible for Editor in 0.41 ms, found 0 plugins.
Preloading 0 native plugins for Editor in 0.00 ms.
Unloading 2477 Unused Serialized files (Serialized files now loaded: 0)
System memory in use before: 115.2 MB.
System memory in use after: 115.4 MB.

Unloading 7 unused Assets to reduce memory usage. Loaded Objects now: 3061.
Total: 2.331400 ms (FindLiveObjects: 0.268400 ms CreateObjectMapping: 0.119200 ms MarkObjects: 1.872500 ms  DeleteObjects: 0.069700 ms)

========================================================================
Received Import Request.
  Time since last request: 491.901594 seconds.
  path: Assets/Scenes/Battle.unity
  artifactKey: Guid(a557375f649b68540892a6f89ab4fac1) Importer(815301076,1909f56bfc062723c751e8b465ee728b)
Start importing Assets/Scenes/Battle.unity using Guid(a557375f649b68540892a6f89ab4fac1) Importer(815301076,1909f56bfc062723c751e8b465ee728b)  -> (artifact id: 'c6a5011a548c6f619e1a2ed9e44c8ed1') in 0.017935 seconds
  Import took 0.023275 seconds .

========================================================================
Received Prepare
Registering precompiled user dll's ...
Registered in 0.001492 seconds.
Begin MonoManager ReloadAssembly
Native extension for WindowsStandalone target not found
Native extension for WebGL target not found
Refreshing native plugins compatible for Editor in 0.39 ms, found 0 plugins.
Preloading 0 native plugins for Editor in 0.00 ms.
Invoked RoslynAnalysisRunner static constructor.
RoslynAnalysisRunner will not be running.
RoslynAnalysisRunner has terminated.
Mono: successfully reloaded assembly
- Completed reload, in  1.095 seconds
Platform modules already initialized, skipping
Shader 'Universal Render Pipeline/Particles/Lit': fallback shader 'Universal Render Pipeline/Particles/SimpleLit' not found
Refreshing native plugins compatible for Editor in 0.44 ms, found 0 plugins.
Preloading 0 native plugins for Editor in 0.00 ms.
Unloading 2477 Unused Serialized files (Serialized files now loaded: 0)
System memory in use before: 115.2 MB.
System memory in use after: 115.4 MB.

Unloading 7 unused Assets to reduce memory usage. Loaded Objects now: 3064.
Total: 2.309100 ms (FindLiveObjects: 0.282500 ms CreateObjectMapping: 0.123500 ms MarkObjects: 1.835200 ms  DeleteObjects: 0.066800 ms)

========================================================================
Received Import Request.
  Time since last request: 690.975529 seconds.
  path: Assets/Img/white-img.jpg
  artifactKey: Guid(c1453739e2e306046ad89ef7fec1f4bd) Importer(815301076,1909f56bfc062723c751e8b465ee728b)
Start importing Assets/Img/white-img.jpg using Guid(c1453739e2e306046ad89ef7fec1f4bd) Importer(815301076,1909f56bfc062723c751e8b465ee728b)  -> (artifact id: '4b7d25fe2ddd74abbd467bbbb591a40b') in 0.061497 seconds
  Import took 0.068280 seconds .

========================================================================
Received Import Request.
  Time since last request: 66.681583 seconds.
  path: Assets/Img/768px-Solid_white.svg.png
  artifactKey: Guid(1b1b80965d23ddd45827ff1c0b8c27ff) Importer(815301076,1909f56bfc062723c751e8b465ee728b)
Start importing Assets/Img/768px-Solid_white.svg.png using Guid(1b1b80965d23ddd45827ff1c0b8c27ff) Importer(815301076,1909f56bfc062723c751e8b465ee728b)  -> (artifact id: 'b708294455f2f70d7f3a9ff1c2ff738b') in 0.017764 seconds
  Import took 0.021732 seconds .

========================================================================
Received Import Request.
  Time since last request: 249.017810 seconds.
  path: Assets/Img/white-img.jpg
  artifactKey: Guid(c1453739e2e306046ad89ef7fec1f4bd) Importer(815301076,1909f56bfc062723c751e8b465ee728b)
Start importing Assets/Img/white-img.jpg using Guid(c1453739e2e306046ad89ef7fec1f4bd) Importer(815301076,1909f56bfc062723c751e8b465ee728b)  -> (artifact id: '4bb459a9da3afd9273857399555d8208') in 0.049345 seconds
  Import took 0.054057 seconds .

========================================================================
Received Prepare
Registering precompiled user dll's ...
Registered in 0.002910 seconds.
Begin MonoManager ReloadAssembly
Native extension for WindowsStandalone target not found
Native extension for WebGL target not found
Refreshing native plugins compatible for Editor in 0.43 ms, found 0 plugins.
Preloading 0 native plugins for Editor in 0.00 ms.
Invoked RoslynAnalysisRunner static constructor.
RoslynAnalysisRunner will not be running.
RoslynAnalysisRunner has terminated.
Mono: successfully reloaded assembly
- Completed reload, in  0.897 seconds
Platform modules already initialized, skipping
Shader 'Universal Render Pipeline/Particles/Lit': fallback shader 'Universal Render Pipeline/Particles/SimpleLit' not found
Refreshing native plugins compatible for Editor in 0.37 ms, found 0 plugins.
Preloading 0 native plugins for Editor in 0.00 ms.
Unloading 2478 Unused Serialized files (Serialized files now loaded: 0)
System memory in use before: 118.2 MB.
System memory in use after: 118.4 MB.

Unloading 7 unused Assets to reduce memory usage. Loaded Objects now: 3076.
Total: 2.421900 ms (FindLiveObjects: 0.345700 ms CreateObjectMapping: 0.146700 ms MarkObjects: 1.866200 ms  DeleteObjects: 0.062400 ms)

========================================================================
Received Import Request.
  Time since last request: 10750.497298 seconds.
  path: Assets/ChesseCamera.cs
  artifactKey: Guid(bf8284f41c03f5640afc247e164619b7) Importer(815301076,1909f56bfc062723c751e8b465ee728b)
Start importing Assets/ChesseCamera.cs using Guid(bf8284f41c03f5640afc247e164619b7) Importer(815301076,1909f56bfc062723c751e8b465ee728b)  -> (artifact id: '439cb395d6fd30305e982607ac15c490') in 0.016755 seconds
  Import took 0.031528 seconds .

========================================================================
Received Import Request.
  Time since last request: 0.000507 seconds.
  path: Assets/ChesseCamera.cs
  artifactKey: Guid(bf8284f41c03f5640afc247e164619b7) Importer(815301076,1909f56bfc062723c751e8b465ee728b)
Start importing Assets/ChesseCamera.cs using Guid(bf8284f41c03f5640afc247e164619b7) Importer(815301076,1909f56bfc062723c751e8b465ee728b)  -> (artifact id: '439cb395d6fd30305e982607ac15c490') in 0.003922 seconds
  Import took 0.008598 seconds .

========================================================================
Received Import Request.
  Time since last request: 3070.802578 seconds.
  path: Assets/HealthBar.cs
  artifactKey: Guid(1735a41866b1ebe429b408db595c4077) Importer(815301076,1909f56bfc062723c751e8b465ee728b)
Start importing Assets/HealthBar.cs using Guid(1735a41866b1ebe429b408db595c4077) Importer(815301076,1909f56bfc062723c751e8b465ee728b)  -> (artifact id: 'cc3220c99983ee6d7923b9a2a898dcd7') in 0.009914 seconds
  Import took 0.050274 seconds .

========================================================================
Received Import Request.
  Time since last request: 8.501137 seconds.
  path: Assets/HealthBarWhite.cs
  artifactKey: Guid(1735a41866b1ebe429b408db595c4077) Importer(815301076,1909f56bfc062723c751e8b465ee728b)
Start importing Assets/HealthBarWhite.cs using Guid(1735a41866b1ebe429b408db595c4077) Importer(815301076,1909f56bfc062723c751e8b465ee728b)  -> (artifact id: '8fdb2c6973d97a51578db0dbf513e71b') in 0.013687 seconds
  Import took 0.020856 seconds .

========================================================================
Received Prepare
Registering precompiled user dll's ...
Registered in 0.001922 seconds.
Begin MonoManager ReloadAssembly
Native extension for WindowsStandalone target not found
Native extension for WebGL target not found
Refreshing native plugins compatible for Editor in 0.39 ms, found 0 plugins.
Preloading 0 native plugins for Editor in 0.00 ms.
Invoked RoslynAnalysisRunner static constructor.
RoslynAnalysisRunner will not be running.
RoslynAnalysisRunner has terminated.
Mono: successfully reloaded assembly
- Completed reload, in  1.140 seconds
Platform modules already initialized, skipping
Shader 'Universal Render Pipeline/Particles/Lit': fallback shader 'Universal Render Pipeline/Particles/SimpleLit' not found
Refreshing native plugins compatible for Editor in 0.40 ms, found 0 plugins.
Preloading 0 native plugins for Editor in 0.00 ms.
Unloading 2478 Unused Serialized files (Serialized files now loaded: 0)
System memory in use before: 118.2 MB.
System memory in use after: 118.4 MB.

Unloading 7 unused Assets to reduce memory usage. Loaded Objects now: 3079.
Total: 2.542800 ms (FindLiveObjects: 0.331000 ms CreateObjectMapping: 0.158100 ms MarkObjects: 1.963100 ms  DeleteObjects: 0.089300 ms)

========================================================================
Received Prepare
Registering precompiled user dll's ...
Registered in 0.002065 seconds.
Begin MonoManager ReloadAssembly
Native extension for WindowsStandalone target not found
Native extension for WebGL target not found
Refreshing native plugins compatible for Editor in 0.60 ms, found 0 plugins.
Preloading 0 native plugins for Editor in 0.00 ms.
Invoked RoslynAnalysisRunner static constructor.
RoslynAnalysisRunner will not be running.
RoslynAnalysisRunner has terminated.
Mono: successfully reloaded assembly
- Completed reload, in  0.875 seconds
Platform modules already initialized, skipping
Shader 'Universal Render Pipeline/Particles/Lit': fallback shader 'Universal Render Pipeline/Particles/SimpleLit' not found
Refreshing native plugins compatible for Editor in 0.91 ms, found 0 plugins.
Preloading 0 native plugins for Editor in 0.00 ms.
Unloading 2478 Unused Serialized files (Serialized files now loaded: 0)
System memory in use before: 118.1 MB.
System memory in use after: 118.3 MB.

Unloading 7 unused Assets to reduce memory usage. Loaded Objects now: 3082.
Total: 3.102800 ms (FindLiveObjects: 0.373300 ms CreateObjectMapping: 0.170700 ms MarkObjects: 2.481600 ms  DeleteObjects: 0.075700 ms)

========================================================================
Received Import Request.
  Time since last request: 25.557561 seconds.
  path: Assets/HealthBarWhite.cs
  artifactKey: Guid(1735a41866b1ebe429b408db595c4077) Importer(815301076,1909f56bfc062723c751e8b465ee728b)
Start importing Assets/HealthBarWhite.cs using Guid(1735a41866b1ebe429b408db595c4077) Importer(815301076,1909f56bfc062723c751e8b465ee728b)  -> (artifact id: 'c72d21548b16078f47d2857b8e4e2d4d') in 0.007438 seconds
  Import took 0.012966 seconds .

========================================================================
Received Prepare
Registering precompiled user dll's ...
Registered in 0.001422 seconds.
Begin MonoManager ReloadAssembly
Native extension for WindowsStandalone target not found
Native extension for WebGL target not found
Refreshing native plugins compatible for Editor in 0.39 ms, found 0 plugins.
Preloading 0 native plugins for Editor in 0.00 ms.
Invoked RoslynAnalysisRunner static constructor.
RoslynAnalysisRunner will not be running.
RoslynAnalysisRunner has terminated.
Mono: successfully reloaded assembly
- Completed reload, in  0.849 seconds
Platform modules already initialized, skipping
Shader 'Universal Render Pipeline/Particles/Lit': fallback shader 'Universal Render Pipeline/Particles/SimpleLit' not found
Refreshing native plugins compatible for Editor in 0.37 ms, found 0 plugins.
Preloading 0 native plugins for Editor in 0.00 ms.
Unloading 2478 Unused Serialized files (Serialized files now loaded: 0)
System memory in use before: 118.3 MB.
System memory in use after: 118.4 MB.

Unloading 7 unused Assets to reduce memory usage. Loaded Objects now: 3085.
Total: 5.729200 ms (FindLiveObjects: 0.633500 ms CreateObjectMapping: 0.398500 ms MarkObjects: 4.343800 ms  DeleteObjects: 0.350500 ms)

========================================================================
Received Prepare
Registering precompiled user dll's ...
Registered in 0.001427 seconds.
Begin MonoManager ReloadAssembly
Native extension for WindowsStandalone target not found
Native extension for WebGL target not found
Refreshing native plugins compatible for Editor in 0.38 ms, found 0 plugins.
Preloading 0 native plugins for Editor in 0.00 ms.
Invoked RoslynAnalysisRunner static constructor.
RoslynAnalysisRunner will not be running.
RoslynAnalysisRunner has terminated.
Mono: successfully reloaded assembly
- Completed reload, in  1.084 seconds
Platform modules already initialized, skipping
Shader 'Universal Render Pipeline/Particles/Lit': fallback shader 'Universal Render Pipeline/Particles/SimpleLit' not found
Refreshing native plugins compatible for Editor in 0.39 ms, found 0 plugins.
Preloading 0 native plugins for Editor in 0.00 ms.
Unloading 2479 Unused Serialized files (Serialized files now loaded: 0)
System memory in use before: 118.3 MB.
System memory in use after: 118.5 MB.

Unloading 7 unused Assets to reduce memory usage. Loaded Objects now: 3089.
Total: 2.924400 ms (FindLiveObjects: 0.523300 ms CreateObjectMapping: 0.182400 ms MarkObjects: 2.097200 ms  DeleteObjects: 0.119600 ms)

========================================================================
Received Prepare
Registering precompiled user dll's ...
Registered in 0.001370 seconds.
Begin MonoManager ReloadAssembly
Native extension for WindowsStandalone target not found
Native extension for WebGL target not found
Refreshing native plugins compatible for Editor in 0.38 ms, found 0 plugins.
Preloading 0 native plugins for Editor in 0.00 ms.
Invoked RoslynAnalysisRunner static constructor.
RoslynAnalysisRunner will not be running.
RoslynAnalysisRunner has terminated.
Mono: successfully reloaded assembly
- Completed reload, in  0.871 seconds
Platform modules already initialized, skipping
Shader 'Universal Render Pipeline/Particles/Lit': fallback shader 'Universal Render Pipeline/Particles/SimpleLit' not found
Refreshing native plugins compatible for Editor in 0.54 ms, found 0 plugins.
Preloading 0 native plugins for Editor in 0.00 ms.
Unloading 2479 Unused Serialized files (Serialized files now loaded: 0)
System memory in use before: 118.3 MB.
System memory in use after: 118.5 MB.

Unloading 7 unused Assets to reduce memory usage. Loaded Objects now: 3092.
Total: 3.368100 ms (FindLiveObjects: 0.465000 ms CreateObjectMapping: 0.217000 ms MarkObjects: 2.606500 ms  DeleteObjects: 0.078200 ms)

========================================================================
Received Prepare
Registering precompiled user dll's ...
Registered in 0.001498 seconds.
Begin MonoManager ReloadAssembly
Native extension for WindowsStandalone target not found
Native extension for WebGL target not found
Refreshing native plugins compatible for Editor in 1.02 ms, found 0 plugins.
Preloading 0 native plugins for Editor in 0.00 ms.
Invoked RoslynAnalysisRunner static constructor.
RoslynAnalysisRunner will not be running.
RoslynAnalysisRunner has terminated.
Mono: successfully reloaded assembly
- Completed reload, in  1.242 seconds
Platform modules already initialized, skipping
Shader 'Universal Render Pipeline/Particles/Lit': fallback shader 'Universal Render Pipeline/Particles/SimpleLit' not found
Refreshing native plugins compatible for Editor in 0.67 ms, found 0 plugins.
Preloading 0 native plugins for Editor in 0.00 ms.
Unloading 2479 Unused Serialized files (Serialized files now loaded: 0)
System memory in use before: 118.3 MB.
System memory in use after: 118.5 MB.

Unloading 7 unused Assets to reduce memory usage. Loaded Objects now: 3095.
Total: 4.252200 ms (FindLiveObjects: 0.387800 ms CreateObjectMapping: 0.165500 ms MarkObjects: 3.490900 ms  DeleteObjects: 0.206600 ms)

========================================================================
Received Import Request.
  Time since last request: 462.611030 seconds.
  path: Assets/Scenes/Chess.unity
  artifactKey: Guid(9fc0d4010bbf28b4594072e72b8655ab) Importer(815301076,1909f56bfc062723c751e8b465ee728b)
Start importing Assets/Scenes/Chess.unity using Guid(9fc0d4010bbf28b4594072e72b8655ab) Importer(815301076,1909f56bfc062723c751e8b465ee728b)  -> (artifact id: '749fe15d2db5cd53394fc025f6b7127e') in 0.019310 seconds
  Import took 0.026701 seconds .

========================================================================
Received Prepare
Registering precompiled user dll's ...
Registered in 0.001937 seconds.
Begin MonoManager ReloadAssembly
Native extension for WindowsStandalone target not found
Native extension for WebGL target not found
Refreshing native plugins compatible for Editor in 0.51 ms, found 0 plugins.
Preloading 0 native plugins for Editor in 0.00 ms.
Invoked RoslynAnalysisRunner static constructor.
RoslynAnalysisRunner will not be running.
RoslynAnalysisRunner has terminated.
Mono: successfully reloaded assembly
- Completed reload, in  0.940 seconds
Platform modules already initialized, skipping
Shader 'Universal Render Pipeline/Particles/Lit': fallback shader 'Universal Render Pipeline/Particles/SimpleLit' not found
Refreshing native plugins compatible for Editor in 0.36 ms, found 0 plugins.
Preloading 0 native plugins for Editor in 0.00 ms.
Unloading 2479 Unused Serialized files (Serialized files now loaded: 0)
System memory in use before: 118.3 MB.
System memory in use after: 118.5 MB.

Unloading 7 unused Assets to reduce memory usage. Loaded Objects now: 3098.
Total: 8.436200 ms (FindLiveObjects: 0.513700 ms CreateObjectMapping: 0.333900 ms MarkObjects: 7.409200 ms  DeleteObjects: 0.176700 ms)

========================================================================
Received Import Request.
  Time since last request: 206.212051 seconds.
  path: Assets/Scenes/Chess.unity
  artifactKey: Guid(9fc0d4010bbf28b4594072e72b8655ab) Importer(815301076,1909f56bfc062723c751e8b465ee728b)
Start importing Assets/Scenes/Chess.unity using Guid(9fc0d4010bbf28b4594072e72b8655ab) Importer(815301076,1909f56bfc062723c751e8b465ee728b)  -> (artifact id: '1d59005af00f0d4a12a9f21797e7ccfb') in 0.013546 seconds
  Import took 0.019312 seconds .

========================================================================
Received Prepare
Registering precompiled user dll's ...
Registered in 0.001435 seconds.
Begin MonoManager ReloadAssembly
Native extension for WindowsStandalone target not found
Native extension for WebGL target not found
Refreshing native plugins compatible for Editor in 0.38 ms, found 0 plugins.
Preloading 0 native plugins for Editor in 0.00 ms.
Invoked RoslynAnalysisRunner static constructor.
RoslynAnalysisRunner will not be running.
RoslynAnalysisRunner has terminated.
Mono: successfully reloaded assembly
- Completed reload, in  0.889 seconds
Platform modules already initialized, skipping
Shader 'Universal Render Pipeline/Particles/Lit': fallback shader 'Universal Render Pipeline/Particles/SimpleLit' not found
Refreshing native plugins compatible for Editor in 0.37 ms, found 0 plugins.
Preloading 0 native plugins for Editor in 0.00 ms.
Unloading 2479 Unused Serialized files (Serialized files now loaded: 0)
System memory in use before: 118.3 MB.
System memory in use after: 118.5 MB.

Unloading 7 unused Assets to reduce memory usage. Loaded Objects now: 3101.
Total: 3.456000 ms (FindLiveObjects: 0.362100 ms CreateObjectMapping: 0.136000 ms MarkObjects: 2.886500 ms  DeleteObjects: 0.069600 ms)

========================================================================
Received Import Request.
  Time since last request: 66.417103 seconds.
  path: Assets/Scenes/Chess.unity
  artifactKey: Guid(9fc0d4010bbf28b4594072e72b8655ab) Importer(815301076,1909f56bfc062723c751e8b465ee728b)
Start importing Assets/Scenes/Chess.unity using Guid(9fc0d4010bbf28b4594072e72b8655ab) Importer(815301076,1909f56bfc062723c751e8b465ee728b)  -> (artifact id: '7715eebe40f84cc350d8e9f2daee131e') in 0.014714 seconds
  Import took 0.020497 seconds .

========================================================================
Received Prepare
Registering precompiled user dll's ...
Registered in 0.002440 seconds.
Begin MonoManager ReloadAssembly
Native extension for WindowsStandalone target not found
Native extension for WebGL target not found
Refreshing native plugins compatible for Editor in 0.46 ms, found 0 plugins.
Preloading 0 native plugins for Editor in 0.00 ms.
Invoked RoslynAnalysisRunner static constructor.
RoslynAnalysisRunner will not be running.
RoslynAnalysisRunner has terminated.
Mono: successfully reloaded assembly
- Completed reload, in  0.896 seconds
Platform modules already initialized, skipping
Shader 'Universal Render Pipeline/Particles/Lit': fallback shader 'Universal Render Pipeline/Particles/SimpleLit' not found
Refreshing native plugins compatible for Editor in 0.43 ms, found 0 plugins.
Preloading 0 native plugins for Editor in 0.00 ms.
Unloading 2479 Unused Serialized files (Serialized files now loaded: 0)
System memory in use before: 118.4 MB.
System memory in use after: 118.6 MB.

Unloading 7 unused Assets to reduce memory usage. Loaded Objects now: 3104.
Total: 2.340500 ms (FindLiveObjects: 0.292700 ms CreateObjectMapping: 0.134800 ms MarkObjects: 1.848100 ms  DeleteObjects: 0.063500 ms)

========================================================================
Received Prepare
Registering precompiled user dll's ...
Registered in 0.001753 seconds.
Begin MonoManager ReloadAssembly
Native extension for WindowsStandalone target not found
Native extension for WebGL target not found
Refreshing native plugins compatible for Editor in 0.37 ms, found 0 plugins.
Preloading 0 native plugins for Editor in 0.00 ms.
Invoked RoslynAnalysisRunner static constructor.
RoslynAnalysisRunner will not be running.
RoslynAnalysisRunner has terminated.
Mono: successfully reloaded assembly
- Completed reload, in  0.884 seconds
Platform modules already initialized, skipping
Shader 'Universal Render Pipeline/Particles/Lit': fallback shader 'Universal Render Pipeline/Particles/SimpleLit' not found
Refreshing native plugins compatible for Editor in 0.62 ms, found 0 plugins.
Preloading 0 native plugins for Editor in 0.00 ms.
Unloading 2479 Unused Serialized files (Serialized files now loaded: 0)
System memory in use before: 118.4 MB.
System memory in use after: 118.6 MB.

Unloading 7 unused Assets to reduce memory usage. Loaded Objects now: 3107.
Total: 2.163300 ms (FindLiveObjects: 0.255000 ms CreateObjectMapping: 0.115900 ms MarkObjects: 1.688100 ms  DeleteObjects: 0.102900 ms)

