Using pre-set license
Built from '2020.3/staging' branch; Version is '2020.3.3f1 (76626098c1c4) revision 7758432'; Using compiler version '192528614'; Build Type 'Release'
OS: 'Windows 10 Home; OS build 19043.1288; Version 2009; 64bit' Language: 'sv' Physical Memory: 16343 MB
BatchMode: 1, IsHumanControllingUs: 0, StartBugReporterOnCrash: 0, Is64bit: 1, IsPro: 0

 COMMAND LINE ARGUMENTS:
C:\Program Files\Unity\Hub\Editor\2020.3.3f1\Editor\Unity.exe
-adb2
-batchMode
-noUpm
-name
AssetImportWorker1
-projectPath
C:/Users/vikto/Downloads/BoatAttack-master/chess shooting
-logFile
Logs/AssetImportWorker1.log
-srvPort
55808
Successfully changed project path to: C:/Users/vikto/Downloads/BoatAttack-master/chess shooting
C:/Users/vikto/Downloads/BoatAttack-master/chess shooting
Using Asset Import Pipeline V2.
Refreshing native plugins compatible for Editor in 44.29 ms, found 0 plugins.
Preloading 0 native plugins for Editor in 0.00 ms.
Initialize engine version: 2020.3.3f1 (76626098c1c4)
[Subsystems] Discovering subsystems at path C:/Program Files/Unity/Hub/Editor/2020.3.3f1/Editor/Data/Resources/UnitySubsystems
[Subsystems] Discovering subsystems at path C:/Users/vikto/Downloads/BoatAttack-master/chess shooting/Assets
GfxDevice: creating device client; threaded=0
Direct3D:
    Version:  Direct3D 11.0 [level 11.1]
    Renderer: NVIDIA GeForce GTX 1080 (ID=0x1b80)
    Vendor:   
    VRAM:     8079 MB
    Driver:   27.21.14.5671
Shader 'Universal Render Pipeline/Particles/Lit': fallback shader 'Universal Render Pipeline/Particles/SimpleLit' not found
Initialize mono
Mono path[0] = 'C:/Program Files/Unity/Hub/Editor/2020.3.3f1/Editor/Data/Managed'
Mono path[1] = 'C:/Program Files/Unity/Hub/Editor/2020.3.3f1/Editor/Data/MonoBleedingEdge/lib/mono/unityjit'
Mono config path = 'C:/Program Files/Unity/Hub/Editor/2020.3.3f1/Editor/Data/MonoBleedingEdge/etc'
Using monoOptions --debugger-agent=transport=dt_socket,embedding=1,server=y,suspend=n,address=127.0.0.1:56848
Begin MonoManager ReloadAssembly
Registering precompiled unity dll's ...
Register platform support module: C:/Program Files/Unity/Hub/Editor/2020.3.3f1/Editor/Data/PlaybackEngines/WebGLSupport/UnityEditor.WebGL.Extensions.dll
Register platform support module: C:/Program Files/Unity/Hub/Editor/2020.3.3f1/Editor/Data/PlaybackEngines/WindowsStandaloneSupport/UnityEditor.WindowsStandalone.Extensions.dll
Registered in 0.002510 seconds.
Native extension for WindowsStandalone target not found
Native extension for WebGL target not found
Refreshing native plugins compatible for Editor in 42.98 ms, found 0 plugins.
Preloading 0 native plugins for Editor in 0.00 ms.
Invoked RoslynAnalysisRunner static constructor.
RoslynAnalysisRunner will not be running.
RoslynAnalysisRunner has terminated.
Mono: successfully reloaded assembly
- Completed reload, in  2.609 seconds
Platform modules already initialized, skipping
Registering precompiled user dll's ...
Registered in 0.001408 seconds.
Begin MonoManager ReloadAssembly
Native extension for WindowsStandalone target not found
Native extension for WebGL target not found
Refreshing native plugins compatible for Editor in 43.24 ms, found 0 plugins.
Preloading 0 native plugins for Editor in 0.00 ms.
Invoked RoslynAnalysisRunner static constructor.
RoslynAnalysisRunner will not be running.
RoslynAnalysisRunner has terminated.
Mono: successfully reloaded assembly
- Completed reload, in  0.941 seconds
Platform modules already initialized, skipping
========================================================================
Worker process is ready to serve import requests
Shader 'Universal Render Pipeline/Particles/Lit': fallback shader 'Universal Render Pipeline/Particles/SimpleLit' not found
Launched and connected shader compiler UnityShaderCompiler.exe after 0.05 seconds
Refreshing native plugins compatible for Editor in 0.41 ms, found 0 plugins.
Preloading 0 native plugins for Editor in 0.00 ms.
Unloading 2447 Unused Serialized files (Serialized files now loaded: 0)
System memory in use before: 119.0 MB.
System memory in use after: 119.1 MB.

Unloading 11 unused Assets to reduce memory usage. Loaded Objects now: 2894.
Total: 2.566000 ms (FindLiveObjects: 0.235800 ms CreateObjectMapping: 0.113700 ms MarkObjects: 2.121400 ms  DeleteObjects: 0.093700 ms)

========================================================================
Received Import Request.
  path: Assets/Scenes/Battle.unity
  artifactKey: Guid(a557375f649b68540892a6f89ab4fac1) Importer(815301076,1909f56bfc062723c751e8b465ee728b)
Start importing Assets/Scenes/Battle.unity using Guid(a557375f649b68540892a6f89ab4fac1) Importer(815301076,1909f56bfc062723c751e8b465ee728b)  -> (artifact id: '8add1f3cf504b037ab5cfb9cc13e38ef') in 0.014710 seconds
  Import took 0.018230 seconds .

========================================================================
Received Import Request.
  Time since last request: 3.336974 seconds.
  path: Assets/Scenes/Chess.unity
  artifactKey: Guid(9fc0d4010bbf28b4594072e72b8655ab) Importer(815301076,1909f56bfc062723c751e8b465ee728b)
Start importing Assets/Scenes/Chess.unity using Guid(9fc0d4010bbf28b4594072e72b8655ab) Importer(815301076,1909f56bfc062723c751e8b465ee728b)  -> (artifact id: '61a9a3ba2ac6cf033efa2f2c2c440a55') in 0.008627 seconds
  Import took 0.013741 seconds .

========================================================================
Received Import Request.
  Time since last request: 3.537894 seconds.
  path: Assets/Scenes/Battle.unity
  artifactKey: Guid(a557375f649b68540892a6f89ab4fac1) Importer(815301076,1909f56bfc062723c751e8b465ee728b)
Start importing Assets/Scenes/Battle.unity using Guid(a557375f649b68540892a6f89ab4fac1) Importer(815301076,1909f56bfc062723c751e8b465ee728b)  -> (artifact id: '7d40514465fe42cb57f0ffcd4b82cc8b') in 0.003573 seconds
  Import took 0.009020 seconds .

========================================================================
Received Prepare
Registering precompiled user dll's ...
Registered in 0.001406 seconds.
Begin MonoManager ReloadAssembly
Native extension for WindowsStandalone target not found
Native extension for WebGL target not found
Refreshing native plugins compatible for Editor in 0.36 ms, found 0 plugins.
Preloading 0 native plugins for Editor in 0.00 ms.
Invoked RoslynAnalysisRunner static constructor.
RoslynAnalysisRunner will not be running.
RoslynAnalysisRunner has terminated.
Mono: successfully reloaded assembly
- Completed reload, in  0.870 seconds
Platform modules already initialized, skipping
Shader 'Universal Render Pipeline/Particles/Lit': fallback shader 'Universal Render Pipeline/Particles/SimpleLit' not found
Refreshing native plugins compatible for Editor in 0.41 ms, found 0 plugins.
Preloading 0 native plugins for Editor in 0.00 ms.
Unloading 2323 Unused Serialized files (Serialized files now loaded: 0)
System memory in use before: 110.8 MB.
System memory in use after: 110.9 MB.

Unloading 6 unused Assets to reduce memory usage. Loaded Objects now: 2897.
Total: 2.906600 ms (FindLiveObjects: 0.228600 ms CreateObjectMapping: 0.095100 ms MarkObjects: 2.493300 ms  DeleteObjects: 0.088300 ms)

========================================================================
Received Prepare
Registering precompiled user dll's ...
Registered in 0.001492 seconds.
Begin MonoManager ReloadAssembly
Native extension for WindowsStandalone target not found
Native extension for WebGL target not found
Refreshing native plugins compatible for Editor in 0.39 ms, found 0 plugins.
Preloading 0 native plugins for Editor in 0.00 ms.
Invoked RoslynAnalysisRunner static constructor.
RoslynAnalysisRunner will not be running.
RoslynAnalysisRunner has terminated.
Mono: successfully reloaded assembly
- Completed reload, in  0.863 seconds
Platform modules already initialized, skipping
Shader 'Universal Render Pipeline/Particles/Lit': fallback shader 'Universal Render Pipeline/Particles/SimpleLit' not found
Refreshing native plugins compatible for Editor in 0.38 ms, found 0 plugins.
Preloading 0 native plugins for Editor in 0.00 ms.
Unloading 2323 Unused Serialized files (Serialized files now loaded: 0)
System memory in use before: 110.8 MB.
System memory in use after: 111.0 MB.

Unloading 6 unused Assets to reduce memory usage. Loaded Objects now: 2900.
Total: 3.508200 ms (FindLiveObjects: 0.490200 ms CreateObjectMapping: 0.331500 ms MarkObjects: 2.622800 ms  DeleteObjects: 0.062200 ms)

========================================================================
Received Prepare
Registering precompiled user dll's ...
Registered in 0.001736 seconds.
Begin MonoManager ReloadAssembly
Native extension for WindowsStandalone target not found
Native extension for WebGL target not found
Refreshing native plugins compatible for Editor in 0.72 ms, found 0 plugins.
Preloading 0 native plugins for Editor in 0.00 ms.
Invoked RoslynAnalysisRunner static constructor.
RoslynAnalysisRunner will not be running.
RoslynAnalysisRunner has terminated.
Mono: successfully reloaded assembly
- Completed reload, in  1.091 seconds
Platform modules already initialized, skipping
Shader 'Universal Render Pipeline/Particles/Lit': fallback shader 'Universal Render Pipeline/Particles/SimpleLit' not found
Refreshing native plugins compatible for Editor in 0.40 ms, found 0 plugins.
Preloading 0 native plugins for Editor in 0.00 ms.
Unloading 2323 Unused Serialized files (Serialized files now loaded: 0)
System memory in use before: 110.8 MB.
System memory in use after: 111.0 MB.

Unloading 6 unused Assets to reduce memory usage. Loaded Objects now: 2903.
Total: 8.452200 ms (FindLiveObjects: 0.465100 ms CreateObjectMapping: 0.152100 ms MarkObjects: 7.743700 ms  DeleteObjects: 0.089300 ms)

========================================================================
Received Prepare
Trying to reload asset but can't find object on disk

Trying to reload asset but can't find object on disk

Trying to reload asset but can't find object on disk

Trying to reload asset but can't find object on disk

Trying to reload asset but can't find object on disk

Trying to reload asset but can't find object on disk

Trying to reload asset but can't find object on disk

Trying to reload asset but can't find object on disk

Trying to reload asset but can't find object on disk

Trying to reload asset but can't find object on disk

Trying to reload asset but can't find object on disk

Trying to reload asset but can't find object on disk

Trying to reload asset but can't find object on disk

Trying to reload asset but can't find object on disk

Trying to reload asset but can't find object on disk

Trying to reload asset but can't find object on disk

Trying to reload asset but can't find object on disk

Trying to reload asset but can't find object on disk

Registering precompiled user dll's ...
Registered in 0.000678 seconds.
Begin MonoManager ReloadAssembly
Native extension for WindowsStandalone target not found
Native extension for WebGL target not found
Refreshing native plugins compatible for Editor in 32.26 ms, found 0 plugins.
Preloading 0 native plugins for Editor in 0.00 ms.
Invoked RoslynAnalysisRunner static constructor.
RoslynAnalysisRunner will not be running.
RoslynAnalysisRunner has terminated.
Mono: successfully reloaded assembly
- Completed reload, in  0.904 seconds
Platform modules already initialized, skipping
Shader 'Universal Render Pipeline/Particles/Lit': fallback shader 'Universal Render Pipeline/Particles/SimpleLit' not found
Refreshing native plugins compatible for Editor in 0.20 ms, found 0 plugins.
Preloading 0 native plugins for Editor in 0.00 ms.
Unloading 1124 Unused Serialized files (Serialized files now loaded: 0)
System memory in use before: 86.3 MB.
System memory in use after: 86.4 MB.

Unloading 356 unused Assets to reduce memory usage. Loaded Objects now: 2555.
Total: 3.485000 ms (FindLiveObjects: 0.383500 ms CreateObjectMapping: 0.303000 ms MarkObjects: 2.310500 ms  DeleteObjects: 0.486300 ms)

AssetImportWorkerClient::OnTransportError - code=2 error=End of file
